[32m2020-09-11 01:37:57[0m - dagster - [34mDEBUG[0m - iris_pipeline - 79fc6881-5a77-45dc-8ce3-b9b0efe5a334 - STEP_START - Started execution of step "download_file.compute".
dagster/is_resume_retry = "false"
dagster/parent_run_id = "3a2fdbb2-a302-4469-83f4-d593e3bd9e2b"
 dagster/root_run_id = "5075d72d-e248-452d-88a0-7453cf6dda67"
dagster/solid_selection = "*"
                 pid = 16633
               solid = "download_file"
    solid_definition = "download_file"
            step_key = "download_file.compute"
[32m2020-09-11 01:37:57[0m - dagster - [34mINFO[0m - system - 79fc6881-5a77-45dc-8ce3-b9b0efe5a334 - /Users/catherinewu/dagster/examples/docs_snippets/docs_snippets/legacy/data_science/iris-kmeans_2.ipynb
dagster/is_resume_retry = "false"
dagster/parent_run_id = "3a2fdbb2-a302-4469-83f4-d593e3bd9e2b"
 dagster/root_run_id = "5075d72d-e248-452d-88a0-7453cf6dda67"
dagster/solid_selection = "*"
               solid = "download_file"
    solid_definition = "download_file"
            step_key = "download_file.compute"
[32m2020-09-11 01:37:57[0m - dagster - [34mDEBUG[0m - iris_pipeline - 79fc6881-5a77-45dc-8ce3-b9b0efe5a334 - STEP_OUTPUT - Yielded output "path" of type "String". (Type check passed).
dagster/is_resume_retry = "false"
dagster/parent_run_id = "3a2fdbb2-a302-4469-83f4-d593e3bd9e2b"
 dagster/root_run_id = "5075d72d-e248-452d-88a0-7453cf6dda67"
dagster/solid_selection = "*"
 event_specific_data = {"intermediate_materialization": null, "step_output_handle": ["download_file.compute", "path"], "type_check_data": [true, "path", null, []]}
                 pid = 16633
               solid = "download_file"
    solid_definition = "download_file"
            step_key = "download_file.compute"
[32m2020-09-11 01:37:57[0m - dagster - [34mWARNING[0m - system - 79fc6881-5a77-45dc-8ce3-b9b0efe5a334 - Replacing existing intermediate for download_file.compute.path
dagster/is_resume_retry = "false"
dagster/parent_run_id = "3a2fdbb2-a302-4469-83f4-d593e3bd9e2b"
 dagster/root_run_id = "5075d72d-e248-452d-88a0-7453cf6dda67"
dagster/solid_selection = "*"
               solid = "download_file"
    solid_definition = "download_file"
            step_key = "download_file.compute"
WARNING:root:Removing existing path /Users/catherinewu/dagster/storage/79fc6881-5a77-45dc-8ce3-b9b0efe5a334/intermediates/download_file.compute/path
[32m2020-09-11 01:37:57[0m - dagster - [34mDEBUG[0m - iris_pipeline - 79fc6881-5a77-45dc-8ce3-b9b0efe5a334 - OBJECT_STORE_OPERATION - Stored intermediate object for output path in filesystem object store using pickle.
dagster/is_resume_retry = "false"
dagster/parent_run_id = "3a2fdbb2-a302-4469-83f4-d593e3bd9e2b"
 dagster/root_run_id = "5075d72d-e248-452d-88a0-7453cf6dda67"
dagster/solid_selection = "*"
 event_specific_data = {"metadata_entries": [["key", null, ["/Users/catherinewu/dagster/storage/79fc6881-5a77-45dc-8ce3-b9b0efe5a334/intermediates/download_file.compute/path"]]], "op": "SET_OBJECT", "value_name": "path"}
                 pid = 16633
               solid = "download_file"
    solid_definition = "download_file"
            step_key = "download_file.compute"
[32m2020-09-11 01:37:57[0m - dagster - [34mDEBUG[0m - iris_pipeline - 79fc6881-5a77-45dc-8ce3-b9b0efe5a334 - STEP_SUCCESS - Finished execution of step "download_file.compute" in 233ms.
dagster/is_resume_retry = "false"
dagster/parent_run_id = "3a2fdbb2-a302-4469-83f4-d593e3bd9e2b"
 dagster/root_run_id = "5075d72d-e248-452d-88a0-7453cf6dda67"
dagster/solid_selection = "*"
 event_specific_data = {"duration_ms": 233.85099899999972}
                 pid = 16633
               solid = "download_file"
    solid_definition = "download_file"
            step_key = "download_file.compute"
