[32m2020-09-11 01:37:57[0m - dagster - [34mDEBUG[0m - iris_pipeline - 79fc6881-5a77-45dc-8ce3-b9b0efe5a334 - STEP_START - Started execution of step "k_means_iris.compute".
dagster/is_resume_retry = "false"
dagster/parent_run_id = "3a2fdbb2-a302-4469-83f4-d593e3bd9e2b"
 dagster/root_run_id = "5075d72d-e248-452d-88a0-7453cf6dda67"
dagster/solid_selection = "*"
                 pid = 16633
               solid = "k_means_iris"
    solid_definition = "k_means_iris"
            step_key = "k_means_iris.compute"
[32m2020-09-11 01:37:57[0m - dagster - [34mDEBUG[0m - iris_pipeline - 79fc6881-5a77-45dc-8ce3-b9b0efe5a334 - OBJECT_STORE_OPERATION - Retrieved intermediate object for input path in filesystem object store using pickle.
dagster/is_resume_retry = "false"
dagster/parent_run_id = "3a2fdbb2-a302-4469-83f4-d593e3bd9e2b"
 dagster/root_run_id = "5075d72d-e248-452d-88a0-7453cf6dda67"
dagster/solid_selection = "*"
 event_specific_data = {"metadata_entries": [["key", null, ["/Users/catherinewu/dagster/storage/79fc6881-5a77-45dc-8ce3-b9b0efe5a334/intermediates/download_file.compute/path"]]], "op": "GET_OBJECT", "value_name": "path"}
                 pid = 16633
               solid = "k_means_iris"
    solid_definition = "k_means_iris"
            step_key = "k_means_iris.compute"
[32m2020-09-11 01:37:57[0m - dagster - [34mDEBUG[0m - iris_pipeline - 79fc6881-5a77-45dc-8ce3-b9b0efe5a334 - STEP_INPUT - Got input "path" of type "String". (Type check passed).
dagster/is_resume_retry = "false"
dagster/parent_run_id = "3a2fdbb2-a302-4469-83f4-d593e3bd9e2b"
 dagster/root_run_id = "5075d72d-e248-452d-88a0-7453cf6dda67"
dagster/solid_selection = "*"
 event_specific_data = {"input_name": "path", "type_check_data": [true, "path", null, []]}
                 pid = 16633
               solid = "k_means_iris"
    solid_definition = "k_means_iris"
            step_key = "k_means_iris.compute"
[32m2020-09-11 01:37:57[0m - dagster - [34mDEBUG[0m - iris_pipeline - 79fc6881-5a77-45dc-8ce3-b9b0efe5a334 - STEP_INPUT - Got input "secret_number" of type "Int". (Type check passed).
dagster/is_resume_retry = "false"
dagster/parent_run_id = "3a2fdbb2-a302-4469-83f4-d593e3bd9e2b"
 dagster/root_run_id = "5075d72d-e248-452d-88a0-7453cf6dda67"
dagster/solid_selection = "*"
 event_specific_data = {"input_name": "secret_number", "type_check_data": [true, "secret_number", null, []]}
                 pid = 16633
               solid = "k_means_iris"
    solid_definition = "k_means_iris"
            step_key = "k_means_iris.compute"
Executing:   0%|          | 0/16 [00:00<?, ?cell/s]Executing:   6%|▋         | 1/16 [00:00<00:11,  1.28cell/s]WARNING:papermill:/Users/catherinewu/.pyenv/versions/3.7.4/envs/dagster37/lib/python3.7/site-packages/pandas/compat/__init__.py:117: UserWarning: Could not import the lzma module. Your installed Python is incomplete. Attempting to use lzma compression will result in a RuntimeError.
  warnings.warn(msg)

Executing:  12%|█▎        | 2/16 [00:01<00:11,  1.25cell/s]WARNING:papermill:2020-09-11 01:38:01 - dagster - INFO - system - 79fc6881-5a77-45dc-8ce3-b9b0efe5a334 - in reconstitute_pipeline_context with solid name k_means_iris
dagster/is_resume_retry = "false"
dagster/parent_run_id = "3a2fdbb2-a302-4469-83f4-d593e3bd9e2b"
 dagster/root_run_id = "5075d72d-e248-452d-88a0-7453cf6dda67"
dagster/solid_selection = "*"

WARNING:papermill:2020-09-11 01:38:01 - dagster - INFO - system - 79fc6881-5a77-45dc-8ce3-b9b0efe5a334 - solid_handle_kwargs{"name": "k_means_iris", "parent": null}
dagster/is_resume_retry = "false"
dagster/parent_run_id = "3a2fdbb2-a302-4469-83f4-d593e3bd9e2b"
 dagster/root_run_id = "5075d72d-e248-452d-88a0-7453cf6dda67"
dagster/solid_selection = "*"

WARNING:papermill:2020-09-11 01:38:01 - dagster - INFO - system - 79fc6881-5a77-45dc-8ce3-b9b0efe5a334 - full run_config{"solids": {"download_file": {"config": {"path": "iris.data", "url": "https://archive.ics.uci.edu/ml/machine-learning-databases/iris/iris.data"}}, "k_means_iris": {"config": {"seed": 50}, "inputs": {"secret_number": 12345}}}, "storage": {"filesystem": null}}
dagster/is_resume_retry = "false"
dagster/parent_run_id = "3a2fdbb2-a302-4469-83f4-d593e3bd9e2b"
 dagster/root_run_id = "5075d72d-e248-452d-88a0-7453cf6dda67"
dagster/solid_selection = "*"

WARNING:papermill:2020-09-11 01:38:01 - dagster - INFO - system - 79fc6881-5a77-45dc-8ce3-b9b0efe5a334 - solid_confignull
dagster/is_resume_retry = "false"
dagster/parent_run_id = "3a2fdbb2-a302-4469-83f4-d593e3bd9e2b"
 dagster/root_run_id = "5075d72d-e248-452d-88a0-7453cf6dda67"
dagster/solid_selection = "*"

Executing:  19%|█▉        | 3/16 [00:03<00:14,  1.12s/cell]WARNING:papermill:2020-09-11 01:38:01 - dagster - INFO - system - 79fc6881-5a77-45dc-8ce3-b9b0efe5a334 - <class 'dagstermill.context.DagstermillRuntimeExecutionContext'>
dagster/is_resume_retry = "false"
dagster/parent_run_id = "3a2fdbb2-a302-4469-83f4-d593e3bd9e2b"
 dagster/root_run_id = "5075d72d-e248-452d-88a0-7453cf6dda67"
dagster/solid_selection = "*"

WARNING:papermill:2020-09-11 01:38:01 - dagster - INFO - system - 79fc6881-5a77-45dc-8ce3-b9b0efe5a334 - returning self._solid_config
dagster/is_resume_retry = "false"
dagster/parent_run_id = "3a2fdbb2-a302-4469-83f4-d593e3bd9e2b"
 dagster/root_run_id = "5075d72d-e248-452d-88a0-7453cf6dda67"
dagster/solid_selection = "*"

WARNING:papermill:2020-09-11 01:38:01 - dagster - INFO - system - 79fc6881-5a77-45dc-8ce3-b9b0efe5a334 - "download_file"
dagster/is_resume_retry = "false"
dagster/parent_run_id = "3a2fdbb2-a302-4469-83f4-d593e3bd9e2b"
 dagster/root_run_id = "5075d72d-e248-452d-88a0-7453cf6dda67"
dagster/solid_selection = "*"

WARNING:papermill:2020-09-11 01:38:01 - dagster - INFO - system - 79fc6881-5a77-45dc-8ce3-b9b0efe5a334 - "download_file"
dagster/is_resume_retry = "false"
dagster/parent_run_id = "3a2fdbb2-a302-4469-83f4-d593e3bd9e2b"
 dagster/root_run_id = "5075d72d-e248-452d-88a0-7453cf6dda67"
dagster/solid_selection = "*"

WARNING:papermill:2020-09-11 01:38:01 - dagster - INFO - system - 79fc6881-5a77-45dc-8ce3-b9b0efe5a334 - {"seed": 50}
dagster/is_resume_retry = "false"
dagster/parent_run_id = "3a2fdbb2-a302-4469-83f4-d593e3bd9e2b"
 dagster/root_run_id = "5075d72d-e248-452d-88a0-7453cf6dda67"
dagster/solid_selection = "*"

Executing:  31%|███▏      | 5/16 [00:03<00:08,  1.25cell/s]Executing:  50%|█████     | 8/16 [00:03<00:04,  1.75cell/s]Executing:  62%|██████▎   | 10/16 [00:06<00:04,  1.20cell/s]Executing:  69%|██████▉   | 11/16 [00:07<00:04,  1.21cell/s]Executing:  81%|████████▏ | 13/16 [00:07<00:01,  1.64cell/s]Executing:  94%|█████████▍| 15/16 [00:08<00:00,  1.68cell/s]Executing: 17cell [00:09,  1.82cell/s]                      
[32m2020-09-11 01:38:07[0m - dagster - [34mDEBUG[0m - system - 79fc6881-5a77-45dc-8ce3-b9b0efe5a334 - Notebook execution complete for k_means_iris at /var/folders/kc/ktvc7zns7tlfgz7srfkb34280000gn/T/tmprcqlyc9n/46bb529d-a617-4b56-add9-5236f29e301b-out.ipynb.
dagster/is_resume_retry = "false"
dagster/parent_run_id = "3a2fdbb2-a302-4469-83f4-d593e3bd9e2b"
 dagster/root_run_id = "5075d72d-e248-452d-88a0-7453cf6dda67"
dagster/solid_selection = "*"
               solid = "k_means_iris"
    solid_definition = "k_means_iris"
            step_key = "k_means_iris.compute"
[32m2020-09-11 01:38:07[0m - dagster - [34mDEBUG[0m - iris_pipeline - 79fc6881-5a77-45dc-8ce3-b9b0efe5a334 - STEP_MATERIALIZATION - Location of output notebook in file manager
dagster/is_resume_retry = "false"
dagster/parent_run_id = "3a2fdbb2-a302-4469-83f4-d593e3bd9e2b"
 dagster/root_run_id = "5075d72d-e248-452d-88a0-7453cf6dda67"
dagster/solid_selection = "*"
 event_specific_data = {"materialization": [[["Users", "catherinewu", "dagster", "storage", "79fc6881", "5a77", "45dc", "8ce3", "b9b0efe5a334", "files", "7c525fea", "8cf1", "48f7", "b7ba", "c26b21be8682", "ipynb"]], "Location of output notebook in file manager", [["7c525fea-8cf1-48f7-b7ba-c26b21be8682.ipynb", null, ["/Users/catherinewu/dagster/storage/79fc6881-5a77-45dc-8ce3-b9b0efe5a334/files/7c525fea-8cf1-48f7-b7ba-c26b21be8682.ipynb"]]]]}
                 pid = 16633
               solid = "k_means_iris"
    solid_definition = "k_means_iris"
            step_key = "k_means_iris.compute"
/Users/catherinewu/.pyenv/versions/3.7.4/envs/dagster37/lib/python3.7/site-packages/pandas/compat/__init__.py:117: UserWarning: Could not import the lzma module. Your installed Python is incomplete. Attempting to use lzma compression will result in a RuntimeError.
  warnings.warn(msg)
[32m2020-09-11 01:38:07[0m - dagster - [34mDEBUG[0m - iris_pipeline - 79fc6881-5a77-45dc-8ce3-b9b0efe5a334 - STEP_SUCCESS - Finished execution of step "k_means_iris.compute" in 10.02s.
dagster/is_resume_retry = "false"
dagster/parent_run_id = "3a2fdbb2-a302-4469-83f4-d593e3bd9e2b"
 dagster/root_run_id = "5075d72d-e248-452d-88a0-7453cf6dda67"
dagster/solid_selection = "*"
 event_specific_data = {"duration_ms": 10020.938668}
                 pid = 16633
               solid = "k_means_iris"
    solid_definition = "k_means_iris"
            step_key = "k_means_iris.compute"
