[32m2020-09-11 01:35:16[0m - dagster - [34mDEBUG[0m - iris_pipeline - 5075d72d-e248-452d-88a0-7453cf6dda67 - STEP_START - Started execution of step "download_file.compute".
dagster/solid_selection = "*"
                 pid = 16496
               solid = "download_file"
    solid_definition = "download_file"
            step_key = "download_file.compute"
[32m2020-09-11 01:35:16[0m - dagster - [34mINFO[0m - system - 5075d72d-e248-452d-88a0-7453cf6dda67 - /Users/catherinewu/dagster/examples/docs_snippets/docs_snippets/legacy/data_science/iris-kmeans_2.ipynb
dagster/solid_selection = "*"
               solid = "download_file"
    solid_definition = "download_file"
            step_key = "download_file.compute"
[32m2020-09-11 01:35:16[0m - dagster - [34mDEBUG[0m - iris_pipeline - 5075d72d-e248-452d-88a0-7453cf6dda67 - STEP_OUTPUT - Yielded output "path" of type "String". (Type check passed).
dagster/solid_selection = "*"
 event_specific_data = {"intermediate_materialization": null, "step_output_handle": ["download_file.compute", "path"], "type_check_data": [true, "path", null, []]}
                 pid = 16496
               solid = "download_file"
    solid_definition = "download_file"
            step_key = "download_file.compute"
[32m2020-09-11 01:35:16[0m - dagster - [34mDEBUG[0m - iris_pipeline - 5075d72d-e248-452d-88a0-7453cf6dda67 - OBJECT_STORE_OPERATION - Stored intermediate object for output path in filesystem object store using pickle.
dagster/solid_selection = "*"
 event_specific_data = {"metadata_entries": [["key", null, ["/Users/catherinewu/dagster/storage/5075d72d-e248-452d-88a0-7453cf6dda67/intermediates/download_file.compute/path"]]], "op": "SET_OBJECT", "value_name": "path"}
                 pid = 16496
               solid = "download_file"
    solid_definition = "download_file"
            step_key = "download_file.compute"
[32m2020-09-11 01:35:16[0m - dagster - [34mDEBUG[0m - iris_pipeline - 5075d72d-e248-452d-88a0-7453cf6dda67 - STEP_SUCCESS - Finished execution of step "download_file.compute" in 214ms.
dagster/solid_selection = "*"
 event_specific_data = {"duration_ms": 214.86361899999994}
                 pid = 16496
               solid = "download_file"
    solid_definition = "download_file"
            step_key = "download_file.compute"
