[32m2020-09-11 01:35:16[0m - dagster - [34mDEBUG[0m - iris_pipeline - 5075d72d-e248-452d-88a0-7453cf6dda67 - STEP_START - Started execution of step "k_means_iris.compute".
dagster/solid_selection = "*"
                 pid = 16496
               solid = "k_means_iris"
    solid_definition = "k_means_iris"
            step_key = "k_means_iris.compute"
[32m2020-09-11 01:35:16[0m - dagster - [34mDEBUG[0m - iris_pipeline - 5075d72d-e248-452d-88a0-7453cf6dda67 - OBJECT_STORE_OPERATION - Retrieved intermediate object for input path in filesystem object store using pickle.
dagster/solid_selection = "*"
 event_specific_data = {"metadata_entries": [["key", null, ["/Users/catherinewu/dagster/storage/5075d72d-e248-452d-88a0-7453cf6dda67/intermediates/download_file.compute/path"]]], "op": "GET_OBJECT", "value_name": "path"}
                 pid = 16496
               solid = "k_means_iris"
    solid_definition = "k_means_iris"
            step_key = "k_means_iris.compute"
[32m2020-09-11 01:35:16[0m - dagster - [34mDEBUG[0m - iris_pipeline - 5075d72d-e248-452d-88a0-7453cf6dda67 - STEP_INPUT - Got input "path" of type "String". (Type check passed).
dagster/solid_selection = "*"
 event_specific_data = {"input_name": "path", "type_check_data": [true, "path", null, []]}
                 pid = 16496
               solid = "k_means_iris"
    solid_definition = "k_means_iris"
            step_key = "k_means_iris.compute"
[32m2020-09-11 01:35:16[0m - dagster - [34mDEBUG[0m - iris_pipeline - 5075d72d-e248-452d-88a0-7453cf6dda67 - STEP_INPUT - Got input "secret_number" of type "Int". (Type check passed).
dagster/solid_selection = "*"
 event_specific_data = {"input_name": "secret_number", "type_check_data": [true, "secret_number", null, []]}
                 pid = 16496
               solid = "k_means_iris"
    solid_definition = "k_means_iris"
            step_key = "k_means_iris.compute"
Executing:   0%|          | 0/16 [00:00<?, ?cell/s]Executing:   6%|▋         | 1/16 [00:00<00:11,  1.25cell/s]/Users/catherinewu/.pyenv/versions/3.7.4/envs/dagster37/lib/python3.7/site-packages/pandas/compat/__init__.py:117: UserWarning: Could not import the lzma module. Your installed Python is incomplete. Attempting to use lzma compression will result in a RuntimeError.
  warnings.warn(msg)

Executing:  12%|█▎        | 2/16 [00:01<00:12,  1.09cell/s]2020-09-11 01:35:21 - dagster - INFO - system - 5075d72d-e248-452d-88a0-7453cf6dda67 - in reconstitute_pipeline_context with solid name k_means_iris
dagster/solid_selection = "*"

2020-09-11 01:35:21 - dagster - INFO - system - 5075d72d-e248-452d-88a0-7453cf6dda67 - solid_handle_kwargs{"name": "k_means_iris", "parent": null}
dagster/solid_selection = "*"

2020-09-11 01:35:21 - dagster - INFO - system - 5075d72d-e248-452d-88a0-7453cf6dda67 - full run_config{"solids": {"download_file": {"config": {"path": "iris.data", "url": "https://archive.ics.uci.edu/ml/machine-learning-databases/iris/iris.data"}}, "k_means_iris": {"config": {"seed": 50}, "inputs": {"secret_number": 12345}}}, "storage": {"filesystem": null}}
dagster/solid_selection = "*"

2020-09-11 01:35:21 - dagster - INFO - system - 5075d72d-e248-452d-88a0-7453cf6dda67 - solid_confignull
dagster/solid_selection = "*"

Executing:  19%|█▉        | 3/16 [00:03<00:15,  1.20s/cell]2020-09-11 01:35:21 - dagster - INFO - system - 5075d72d-e248-452d-88a0-7453cf6dda67 - <class 'dagstermill.context.DagstermillRuntimeExecutionContext'>
dagster/solid_selection = "*"

2020-09-11 01:35:21 - dagster - INFO - system - 5075d72d-e248-452d-88a0-7453cf6dda67 - what the fuck
dagster/solid_selection = "*"

2020-09-11 01:35:21 - dagster - INFO - system - 5075d72d-e248-452d-88a0-7453cf6dda67 - returning self._solid_config
dagster/solid_selection = "*"

2020-09-11 01:35:21 - dagster - INFO - system - 5075d72d-e248-452d-88a0-7453cf6dda67 - {"seed": 50}
dagster/solid_selection = "*"

Executing:  31%|███▏      | 5/16 [00:03<00:09,  1.17cell/s]Executing:  50%|█████     | 8/16 [00:04<00:04,  1.64cell/s]Executing:  62%|██████▎   | 10/16 [00:07<00:05,  1.12cell/s]Executing:  69%|██████▉   | 11/16 [00:08<00:04,  1.12cell/s]Executing:  81%|████████▏ | 13/16 [00:08<00:02,  1.49cell/s]Executing:  94%|█████████▍| 15/16 [00:09<00:00,  1.53cell/s]Executing: 17cell [00:10,  1.65cell/s]                      
[32m2020-09-11 01:35:27[0m - dagster - [34mDEBUG[0m - system - 5075d72d-e248-452d-88a0-7453cf6dda67 - Notebook execution complete for k_means_iris at /var/folders/kc/ktvc7zns7tlfgz7srfkb34280000gn/T/tmpe2qcme9e/d4357b4c-4578-4c15-9989-6023e7533997-out.ipynb.
dagster/solid_selection = "*"
               solid = "k_means_iris"
    solid_definition = "k_means_iris"
            step_key = "k_means_iris.compute"
[32m2020-09-11 01:35:27[0m - dagster - [34mDEBUG[0m - iris_pipeline - 5075d72d-e248-452d-88a0-7453cf6dda67 - STEP_MATERIALIZATION - Location of output notebook in file manager
dagster/solid_selection = "*"
 event_specific_data = {"materialization": [[["Users", "catherinewu", "dagster", "storage", "5075d72d", "e248", "452d", "88a0", "7453cf6dda67", "files", "4d00855f", "5e36", "4757", "adc0", "9a05b6e79edf", "ipynb"]], "Location of output notebook in file manager", [["4d00855f-5e36-4757-adc0-9a05b6e79edf.ipynb", null, ["/Users/catherinewu/dagster/storage/5075d72d-e248-452d-88a0-7453cf6dda67/files/4d00855f-5e36-4757-adc0-9a05b6e79edf.ipynb"]]]]}
                 pid = 16496
               solid = "k_means_iris"
    solid_definition = "k_means_iris"
            step_key = "k_means_iris.compute"
/Users/catherinewu/.pyenv/versions/3.7.4/envs/dagster37/lib/python3.7/site-packages/pandas/compat/__init__.py:117: UserWarning: Could not import the lzma module. Your installed Python is incomplete. Attempting to use lzma compression will result in a RuntimeError.
  warnings.warn(msg)
[32m2020-09-11 01:35:28[0m - dagster - [34mDEBUG[0m - iris_pipeline - 5075d72d-e248-452d-88a0-7453cf6dda67 - STEP_SUCCESS - Finished execution of step "k_means_iris.compute" in 11.16s.
dagster/solid_selection = "*"
 event_specific_data = {"duration_ms": 11160.984998}
                 pid = 16496
               solid = "k_means_iris"
    solid_definition = "k_means_iris"
            step_key = "k_means_iris.compute"
